nohup: ignoring input
The MAC address in formatted way is : 
001851509b07
jts/jpipe/v000001/adapter/1
file config/configFile.txt opened
config params already present. using them.
connected with result code0
{u'dataRev': u'AR', u'pins': u'[36]', u'data': u'6'}
inData_287113.7492569
Pubishing data to =jts/jpipe/v000001/adapter/adapter_config=
config data received
{u'dataRev': u'AR', u'pins': u'[36]', u'data': u'6'}
inData_287114.7492571
{u'dataRev': u'AR', u'pins': u'[36]', u'data': u'6'}
inData_287115.7492573
{u'dataRev': u'AR', u'pins': u'[36]', u'data': u'6'}
inData_287116.7492575
{u'dataRev': u'AR', u'pins': u'[36]', u'data': u'6'}
inData_287117.7492577
{u'dataRev': u'AR', u'pins': u'[36]', u'data': u'6'}
inData_287118.7492579
Pubishing data to =jts/jpipe/v000001/adapter/adapter_config=
config data received
{u'dataRev': u'AR', u'pins': u'[36]', u'data': u'6'}
inData_287119.7492581
{u'dataRev': u'AR', u'pins': u'[36]', u'data': u'6'}
inData_287120.7492583
{u'dataRev': u'AR', u'pins': u'[36]', u'data': u'6'}
inData_287121.7492585
{u'dataRev': u'AR', u'pins': u'[36]', u'data': u'6'}
inData_287122.7492587
{u'dataRev': u'AR', u'pins': u'[36]', u'data': u'6'}
inData_287123.7492590
Pubishing data to =jts/jpipe/v000001/adapter/adapter_config=
config data received
{u'dataRev': u'AR', u'pins': u'[36]', u'data': u'6'}
inData_287124.7492592
{u'dataRev': u'AR', u'pins': u'[36]', u'data': u'6'}
inData_287125.7492594
{u'dataRev': u'AR', u'pins': u'[36]', u'data': u'6'}
inData_287126.7492596
{u'dataRev': u'AR', u'pins': u'[36]', u'data': u'6'}
inData_287127.7492598
{u'dataRev': u'AR', u'pins': u'[36]', u'data': u'6'}
inData_287128.7492600
Pubishing data to =jts/jpipe/v000001/adapter/adapter_config=
config data received
{u'dataRev': u'AR', u'pins': u'[36]', u'data': u'6'}
inData_287129.7492602
{u'dataRev': u'AR', u'pins': u'[36]', u'data': u'6'}
inData_287130.7492604
{u'dataRev': u'AR', u'pins': u'[36]', u'data': u'6'}
inData_287131.7492606
{u'dataRev': u'AR', u'pins': u'[36]', u'data': u'6'}
inData_287132.7492608
{u'dataRev': u'AR', u'pins': u'[36]', u'data': u'6'}
inData_287133.7492610
Pubishing data to =jts/jpipe/v000001/adapter/adapter_config=
config data received
{u'dataRev': u'AR', u'pins': u'[36]', u'data': u'6'}
inData_287134.7492612
{u'dataRev': u'AR', u'pins': u'[36]', u'data': u'6'}
inData_287135.7492615
{u'dataRev': u'AR', u'pins': u'[36]', u'data': u'6'}
inData_287136.7492617
{u'dataRev': u'AR', u'pins': u'[36]', u'data': u'6'}
inData_287137.7492619
{u'dataRev': u'AR', u'pins': u'[36]', u'data': u'6'}
inData_287138.7492621
Pubishing data to =jts/jpipe/v000001/adapter/adapter_config=
config data received
{u'dataRev': u'AR', u'pins': u'[36]', u'data': u'6'}
inData_287139.7492623
{u'dataRev': u'AR', u'pins': u'[36]', u'data': u'6'}
inData_287140.7492625
{u'dataRev': u'AR', u'pins': u'[36]', u'data': u'6'}
inData_287141.7492627
{u'dataRev': u'AR', u'pins': u'[36]', u'data': u'6'}
inData_287142.7492629
{u'dataRev': u'AR', u'pins': u'[36]', u'data': u'6'}
inData_287143.7492631
Pubishing data to =jts/jpipe/v000001/adapter/adapter_config=
config data received
{u'dataRev': u'AR', u'pins': u'[36]', u'data': u'6'}
inData_287144.7492633
{u'dataRev': u'AR', u'pins': u'[36]', u'data': u'6'}
inData_287145.7492635
{u'dataRev': u'AR', u'pins': u'[36]', u'data': u'6'}
inData_287146.7492637
{u'dataRev': u'AR', u'pins': u'[36]', u'data': u'6'}
inData_287147.7492639
{u'dataRev': u'AR', u'pins': u'[36]', u'data': u'6'}
inData_287148.7492641
Pubishing data to =jts/jpipe/v000001/adapter/adapter_config=
config data received
{u'dataRev': u'AR', u'pins': u'[36]', u'data': u'6'}
inData_287149.7492644
{u'dataRev': u'AR', u'pins': u'[36]', u'data': u'6'}
inData_287150.7492646
{u'dataRev': u'AR', u'pins': u'[36]', u'data': u'6'}
inData_287151.7492648
{u'dataRev': u'AR', u'pins': u'[36]', u'data': u'6'}
inData_287152.7492650
{u'dataRev': u'AR', u'pins': u'[36]', u'data': u'6'}
inData_287153.7492652
Pubishing data to =jts/jpipe/v000001/adapter/adapter_config=
config data received
{u'dataRev': u'AR', u'pins': u'[36]', u'data': u'6'}
inData_287154.7492654
{u'dataRev': u'AR', u'pins': u'[36]', u'data': u'6'}
inData_287155.7492656
{u'dataRev': u'AR', u'pins': u'[36]', u'data': u'6'}
inData_287156.7492658
{u'dataRev': u'AR', u'pins': u'[36]', u'data': u'6'}
inData_287157.7492660
{u'dataRev': u'AR', u'pins': u'[36]', u'data': u'6'}
inData_287158.7492662
Pubishing data to =jts/jpipe/v000001/adapter/adapter_config=
config data received
{u'dataRev': u'AR', u'pins': u'[36]', u'data': u'6'}
inData_287159.7492664
{u'dataRev': u'AR', u'pins': u'[36]', u'data': u'6'}
inData_287160.7492666
{u'dataRev': u'AR', u'pins': u'[36]', u'data': u'6'}
inData_287161.7492668
{u'dataRev': u'AR', u'pins': u'[36]', u'data': u'6'}
inData_287162.7492670
{u'dataRev': u'AR', u'pins': u'[36]', u'data': u'6'}
inData_287163.7492673
Pubishing data to =jts/jpipe/v000001/adapter/adapter_config=
config data received
{u'dataRev': u'AR', u'pins': u'[36]', u'data': u'6'}
inData_287164.7492675
{u'dataRev': u'AR', u'pins': u'[36]', u'data': u'6'}
inData_287165.7492677
{u'dataRev': u'AR', u'pins': u'[36]', u'data': u'6'}
inData_287166.7492679
{u'dataRev': u'AR', u'pins': u'[36]', u'data': u'6'}
inData_287167.7492681
{u'dataRev': u'AR', u'pins': u'[36]', u'data': u'6'}
inData_287168.7492683
Pubishing data to =jts/jpipe/v000001/adapter/adapter_config=
config data received
{u'dataRev': u'AR', u'pins': u'[36]', u'data': u'6'}
inData_287169.7492685
{u'dataRev': u'AR', u'pins': u'[36]', u'data': u'6'}
inData_287170.7492687
{u'dataRev': u'AR', u'pins': u'[36]', u'data': u'6'}
inData_287171.7492689
{u'dataRev': u'AR', u'pins': u'[36]', u'data': u'6'}
inData_287172.7492692
{u'dataRev': u'AR', u'pins': u'[36]', u'data': u'6'}
inData_287173.7492693
Pubishing data to =jts/jpipe/v000001/adapter/adapter_config=
config data received
{u'dataRev': u'AR', u'pins': u'[36]', u'data': u'6'}
inData_287174.7492695
{u'dataRev': u'AR', u'pins': u'[36]', u'data': u'6'}
inData_287175.7492697
{u'dataRev': u'AR', u'pins': u'[36]', u'data': u'6'}
inData_287176.7492700
{u'dataRev': u'AR', u'pins': u'[36]', u'data': u'6'}
inData_287177.7492702
{u'dataRev': u'AR', u'pins': u'[36]', u'data': u'6'}
inData_287178.7492704
Pubishing data to =jts/jpipe/v000001/adapter/adapter_config=
config data received
{u'dataRev': u'AR', u'pins': u'[36]', u'data': u'6'}
inData_287179.7492706
{u'dataRev': u'AR', u'pins': u'[36]', u'data': u'6'}
inData_287180.7492708
{u'dataRev': u'AR', u'pins': u'[36]', u'data': u'6'}
inData_287181.7492710
{u'dataRev': u'AR', u'pins': u'[36]', u'data': u'6'}
inData_287182.7492712
{u'dataRev': u'AR', u'pins': u'[36]', u'data': u'6'}
inData_287183.7492714
Pubishing data to =jts/jpipe/v000001/adapter/adapter_config=
config data received
{u'dataRev': u'AR', u'pins': u'[36]', u'data': u'6'}
inData_287184.7492716
{u'dataRev': u'AR', u'pins': u'[36]', u'data': u'6'}
inData_287185.7492718
{u'dataRev': u'AR', u'pins': u'[36]', u'data': u'6'}
inData_287186.7492720
{u'dataRev': u'AR', u'pins': u'[36]', u'data': u'6'}
inData_287187.7492722
{u'dataRev': u'AR', u'pins': u'[36]', u'data': u'6'}
inData_287188.7492724
Pubishing data to =jts/jpipe/v000001/adapter/adapter_config=
config data received
{u'dataRev': u'AR', u'pins': u'[36]', u'data': u'6'}
inData_287189.7492727
{u'dataRev': u'AR', u'pins': u'[36]', u'data': u'6'}
inData_287190.7492729
{u'dataRev': u'AR', u'pins': u'[36]', u'data': u'6'}
inData_287191.7492731
{u'dataRev': u'AR', u'pins': u'[36]', u'data': u'6'}
inData_287192.7492733
{u'dataRev': u'AR', u'pins': u'[36]', u'data': u'6'}
inData_287193.7492735
Pubishing data to =jts/jpipe/v000001/adapter/adapter_config=
config data received
{u'dataRev': u'AR', u'pins': u'[36]', u'data': u'6'}
inData_287194.7492737
{u'dataRev': u'AR', u'pins': u'[36]', u'data': u'6'}
inData_287195.7492739
{u'dataRev': u'AR', u'pins': u'[36]', u'data': u'6'}
inData_287196.7492741
{u'dataRev': u'AR', u'pins': u'[36]', u'data': u'6'}
inData_287197.7492743
{u'dataRev': u'AR', u'pins': u'[36]', u'data': u'6'}
inData_287198.7492745
Pubishing data to =jts/jpipe/v000001/adapter/adapter_config=
config data received
{u'dataRev': u'AR', u'pins': u'[36]', u'data': u'6'}
inData_287199.7492747
{u'dataRev': u'AR', u'pins': u'[36]', u'data': u'6'}
inData_287200.7492749
{u'dataRev': u'AR', u'pins': u'[36]', u'data': u'6'}
inData_287201.7492751
{u'dataRev': u'AR', u'pins': u'[36]', u'data': u'6'}
inData_287202.7492754
{u'dataRev': u'AR', u'pins': u'[36]', u'data': u'6'}
inData_287203.7492756
Pubishing data to =jts/jpipe/v000001/adapter/adapter_config=
config data received
{u'dataRev': u'AR', u'pins': u'[36]', u'data': u'6'}
inData_287204.7492758
{u'dataRev': u'AR', u'pins': u'[36]', u'data': u'6'}
inData_287205.7492760
{u'dataRev': u'AR', u'pins': u'[36]', u'data': u'6'}
inData_287206.7492762
{u'dataRev': u'AR', u'pins': u'[36]', u'data': u'6'}
inData_287207.7492764
{u'dataRev': u'AR', u'pins': u'[36]', u'data': u'6'}
inData_287208.7492766
Pubishing data to =jts/jpipe/v000001/adapter/adapter_config=
config data received
{u'dataRev': u'AR', u'pins': u'[36]', u'data': u'6'}
inData_287209.7492768
{u'dataRev': u'AR', u'pins': u'[36]', u'data': u'6'}
inData_287210.7492770
{u'dataRev': u'AR', u'pins': u'[36]', u'data': u'6'}
inData_287211.7492772
{u'dataRev': u'AR', u'pins': u'[36]', u'data': u'6'}
inData_287212.7492774
{u'dataRev': u'AR', u'pins': u'[36]', u'data': u'6'}
inData_287213.7492776
Pubishing data to =jts/jpipe/v000001/adapter/adapter_config=
config data received
{u'dataRev': u'AR', u'pins': u'[36]', u'data': u'6'}
inData_287214.7492778
{u'dataRev': u'AR', u'pins': u'[36]', u'data': u'6'}
inData_287215.7492781
{u'dataRev': u'AR', u'pins': u'[36]', u'data': u'6'}
inData_287216.7492783
{u'dataRev': u'AR', u'pins': u'[36]', u'data': u'6'}
inData_287217.7492785
{u'dataRev': u'AR', u'pins': u'[36]', u'data': u'6'}
inData_287218.7492787
Pubishing data to =jts/jpipe/v000001/adapter/adapter_config=
config data received
{u'dataRev': u'AR', u'pins': u'[36]', u'data': u'6'}
inData_287219.7492789
{u'dataRev': u'AR', u'pins': u'[36]', u'data': u'6'}
inData_287220.7492791
{u'dataRev': u'AR', u'pins': u'[36]', u'data': u'6'}
inData_287221.7492793
{u'dataRev': u'AR', u'pins': u'[36]', u'data': u'6'}
inData_287222.7492795
{u'dataRev': u'AR', u'pins': u'[36]', u'data': u'6'}
inData_287223.7492797
Pubishing data to =jts/jpipe/v000001/adapter/adapter_config=
config data received
{u'dataRev': u'AR', u'pins': u'[36]', u'data': u'6'}
inData_287224.7492799
{u'dataRev': u'AR', u'pins': u'[36]', u'data': u'6'}
inData_287225.7492801
{u'dataRev': u'AR', u'pins': u'[36]', u'data': u'6'}
inData_287226.7492803
{u'dataRev': u'AR', u'pins': u'[36]', u'data': u'6'}
inData_287227.7492805
{u'dataRev': u'AR', u'pins': u'[36]', u'data': u'6'}
inData_287228.7492807
Pubishing data to =jts/jpipe/v000001/adapter/adapter_config=
config data received
{u'dataRev': u'AR', u'pins': u'[36]', u'data': u'6'}
inData_287229.7492810
{u'dataRev': u'AR', u'pins': u'[36]', u'data': u'6'}
inData_287230.7492812
{u'dataRev': u'AR', u'pins': u'[36]', u'data': u'6'}
inData_287231.7492814
{u'dataRev': u'AR', u'pins': u'[36]', u'data': u'6'}
inData_287232.7492816
{u'dataRev': u'AR', u'pins': u'[36]', u'data': u'6'}
inData_287233.7492818
Pubishing data to =jts/jpipe/v000001/adapter/adapter_config=
config data received
{u'dataRev': u'AR', u'pins': u'[36]', u'data': u'6'}
inData_287234.7492820
{u'dataRev': u'AR', u'pins': u'[36]', u'data': u'6'}
inData_287235.7492822
{u'dataRev': u'AR', u'pins': u'[36]', u'data': u'6'}
inData_287236.7492824
{u'dataRev': u'AR', u'pins': u'[36]', u'data': u'6'}
inData_287237.7492826
{u'dataRev': u'AR', u'pins': u'[36]', u'data': u'6'}
inData_287238.7492828
Pubishing data to =jts/jpipe/v000001/adapter/adapter_config=
config data received
{u'dataRev': u'AR', u'pins': u'[36]', u'data': u'6'}
inData_287239.7492830
{u'dataRev': u'AR', u'pins': u'[36]', u'data': u'6'}
inData_287240.7492832
{u'dataRev': u'AR', u'pins': u'[36]', u'data': u'6'}
inData_287241.7492834
{u'dataRev': u'AR', u'pins': u'[36]', u'data': u'6'}
inData_287242.7492836
{u'dataRev': u'AR', u'pins': u'[36]', u'data': u'6'}
inData_287243.7492839
Pubishing data to =jts/jpipe/v000001/adapter/adapter_config=
config data received
{u'dataRev': u'AR', u'pins': u'[36]', u'data': u'6'}
inData_287244.7492841
{u'dataRev': u'AR', u'pins': u'[36]', u'data': u'6'}
inData_287245.7492843
{u'dataRev': u'AR', u'pins': u'[36]', u'data': u'6'}
inData_287246.7492845
{u'dataRev': u'AR', u'pins': u'[36]', u'data': u'6'}
inData_287247.7492847
{u'dataRev': u'AR', u'pins': u'[36]', u'data': u'6'}
inData_287248.7492849
Pubishing data to =jts/jpipe/v000001/adapter/adapter_config=
config data received
{u'dataRev': u'AR', u'pins': u'[36]', u'data': u'6'}
inData_287249.7492851
{u'dataRev': u'AR', u'pins': u'[36]', u'data': u'6'}
inData_287250.7492853
{u'dataRev': u'AR', u'pins': u'[36]', u'data': u'6'}
inData_287251.7492855
{u'dataRev': u'AR', u'pins': u'[36]', u'data': u'6'}
inData_287252.7492857
{u'dataRev': u'AR', u'pins': u'[36]', u'data': u'6'}
inData_287253.7492859
Pubishing data to =jts/jpipe/v000001/adapter/adapter_config=
config data received
{u'dataRev': u'AR', u'pins': u'[36]', u'data': u'6'}
inData_287254.7492862
{u'dataRev': u'AR', u'pins': u'[36]', u'data': u'6'}
inData_287255.7492863
{u'dataRev': u'AR', u'pins': u'[36]', u'data': u'6'}
inData_287256.7492866
{u'dataRev': u'AR', u'pins': u'[36]', u'data': u'6'}
inData_287257.7492868
{u'dataRev': u'AR', u'pins': u'[36]', u'data': u'6'}
inData_287258.7492870
Pubishing data to =jts/jpipe/v000001/adapter/adapter_config=
config data received
{u'dataRev': u'AR', u'pins': u'[36]', u'data': u'6'}
inData_287259.7492872
{u'dataRev': u'AR', u'pins': u'[36]', u'data': u'6'}
inData_287260.7492874
{u'dataRev': u'AR', u'pins': u'[36]', u'data': u'6'}
inData_287261.7492876
{u'dataRev': u'AR', u'pins': u'[36]', u'data': u'6'}
inData_287262.7492878
{u'dataRev': u'AR', u'pins': u'[36]', u'data': u'6'}
inData_287263.7492880
Pubishing data to =jts/jpipe/v000001/adapter/adapter_config=
config data received
{u'dataRev': u'AR', u'pins': u'[36]', u'data': u'6'}
inData_287264.7492882
{u'dataRev': u'AR', u'pins': u'[36]', u'data': u'6'}
inData_287265.7492884
{u'dataRev': u'AR', u'pins': u'[36]', u'data': u'6'}
inData_287266.7492886
{u'dataRev': u'AR', u'pins': u'[36]', u'data': u'6'}
inData_287267.7492888
{u'dataRev': u'AR', u'pins': u'[36]', u'data': u'6'}
inData_287268.7492890
Pubishing data to =jts/jpipe/v000001/adapter/adapter_config=
config data received
{u'dataRev': u'AR', u'pins': u'[36]', u'data': u'6'}
inData_287269.7492893
{u'dataRev': u'AR', u'pins': u'[36]', u'data': u'6'}
inData_287270.7492895
{u'dataRev': u'AR', u'pins': u'[36]', u'data': u'6'}
inData_287271.7492897
{u'dataRev': u'AR', u'pins': u'[36]', u'data': u'6'}
inData_287272.7492899
{u'dataRev': u'AR', u'pins': u'[36]', u'data': u'6'}
inData_287273.7492901
Pubishing data to =jts/jpipe/v000001/adapter/adapter_config=
config data received
{u'dataRev': u'AR', u'pins': u'[36]', u'data': u'6'}
inData_287274.7492903
{u'dataRev': u'AR', u'pins': u'[36]', u'data': u'6'}
inData_287275.7492905
{u'dataRev': u'AR', u'pins': u'[36]', u'data': u'6'}
inData_287276.7492907
{u'dataRev': u'AR', u'pins': u'[36]', u'data': u'6'}
inData_287277.7492909
{u'dataRev': u'AR', u'pins': u'[36]', u'data': u'6'}
inData_287278.7492911
Pubishing data to =jts/jpipe/v000001/adapter/adapter_config=
config data received
{u'dataRev': u'AR', u'pins': u'[36]', u'data': u'6'}
inData_287279.7492913
{u'dataRev': u'AR', u'pins': u'[36]', u'data': u'6'}
inData_287280.7492915
{u'dataRev': u'AR', u'pins': u'[36]', u'data': u'6'}
inData_287281.7492917
{u'dataRev': u'AR', u'pins': u'[36]', u'data': u'6'}
inData_287282.7492919
{u'dataRev': u'AR', u'pins': u'[36]', u'data': u'6'}
inData_287283.7492922
Pubishing data to =jts/jpipe/v000001/adapter/adapter_config=
config data received
{u'dataRev': u'AR', u'pins': u'[36]', u'data': u'6'}
inData_287284.7492924
{u'dataRev': u'AR', u'pins': u'[36]', u'data': u'6'}
inData_287285.7492926
{u'dataRev': u'AR', u'pins': u'[36]', u'data': u'6'}
inData_287286.7492928
{u'dataRev': u'AR', u'pins': u'[36]', u'data': u'6'}
inData_287287.7492930
{u'dataRev': u'AR', u'pins': u'[36]', u'data': u'6'}
inData_287288.7492932
Pubishing data to =jts/jpipe/v000001/adapter/adapter_config=
config data received
{u'dataRev': u'AR', u'pins': u'[36]', u'data': ERR: create table inData(                dataId integer NOT NULL AUTO_INCREMENT,                transId integer,                 macId varchar(12),                pins varchar(32),                data varchar(256),                status char(3) default 'rec',                ackSent boolean default False,                 inserrtDt timestamp default current_timestamp,                 changeDt timestamp default current_timestamp,                insertUser char(30) default 'application',                 updateUser char(30) default 'application',                PRIMARY KEY (dataId),                CONSTRAINT UC_Person UNIQUE (transId))
ERR: create table outData(                dataId integer NOT NULL AUTO_INCREMENT,                transId integer,                 macId varchar(12),                pins varchar(32),                data varchar(256),                status char(3) default 'rec',                ackSent boolean default False,                 inserrtDt timestamp default current_timestamp,                 changeDt timestamp default current_timestamp,                insertUser char(30) default 'application',                 updateUser char(30) default 'application',                PRIMARY KEY (dataId),                CONSTRAINT UC_Person UNIQUE (transId))
0.01 (1): INSERT INTO inData (data, insertUser, pins, transId, updateUser) VALUES ('{"dataRev": "AR", "pins": "[36]", "data": "6"}', 'jpipe', '"[36]"', '287328', 'jpipe')
0.01 (2): SELECT last_insert_id();
0.0 (1): INSERT INTO inData (data, insertUser, pins, transId, updateUser) VALUES ('{"dataRev": "AR", "pins": "[36]", "data": "6"}', 'jpipe', '"[36]"', '287329', 'jpipe')
0.0 (2): SELECT last_insert_id();
0.0 (1): INSERT INTO inData (data, insertUser, pins, transId, updateUser) VALUES ('{"dataRev": "AR", "pins": "[36]", "data": "6"}', 'jpipe', '"[36]"', '287330', 'jpipe')
0.0 (2): SELECT last_insert_id();
0.0 (1): INSERT INTO inData (data, insertUser, pins, transId, updateUser) VALUES ('{"dataRev": "AR", "pins": "[36]", "data": "6"}', 'jpipe', '"[36]"', '287331', 'jpipe')
0.0 (2): SELECT last_insert_id();
0.0 (1): INSERT INTO inData (data, insertUser, pins, transId, updateUser) VALUES ('{"dataRev": "AR", "pins": "[36]", "data": "6"}', 'jpipe', '"[36]"', '287332', 'jpipe')
0.0 (2): SELECT last_insert_id();
0.0 (1): INSERT INTO inData (data, insertUser, pins, transId, updateUser) VALUES ('{"dataRev": "AR", "pins": "[36]", "data": "6"}', 'jpipe', '"[36]"', '287333', 'jpipe')
0.0 (2): SELECT last_insert_id();
u'6'}
inData_287289.7492934
{u'dataRev': u'AR', u'pins': u'[36]', u'data': u'6'}
inData_287290.7492936
{u'dataRev': u'AR', u'pins': u'[36]', u'data': u'6'}
inData_287291.7492938
{u'dataRev': u'AR', u'pins': u'[36]', u'data': u'6'}
inData_287292.7492940
{u'dataRev': u'AR', u'pins': u'[36]', u'data': u'6'}
inData_287293.7492942
Pubishing data to =jts/jpipe/v000001/adapter/adapter_config=
config data received
{u'dataRev': u'AR', u'pins': u'[36]', u'data': u'6'}
inData_287294.7492944
{u'dataRev': u'AR', u'pins': u'[36]', u'data': u'6'}
inData_287295.7492946
{u'dataRev': u'AR', u'pins': u'[36]', u'data': u'6'}
inData_287296.7492949
{u'dataRev': u'AR', u'pins': u'[36]', u'data': u'6'}
inData_287297.7492951
{u'dataRev': u'AR', u'pins': u'[36]', u'data': u'6'}
inData_287298.7492953
Pubishing data to =jts/jpipe/v000001/adapter/adapter_config=
config data received
{u'dataRev': u'AR', u'pins': u'[36]', u'data': u'6'}
inData_287299.7492955
{u'dataRev': u'AR', u'pins': u'[36]', u'data': u'6'}
inData_287300.7492957
{u'dataRev': u'AR', u'pins': u'[36]', u'data': u'6'}
inData_287301.7492959
{u'dataRev': u'AR', u'pins': u'[36]', u'data': u'6'}
inData_287302.7492961
{u'dataRev': u'AR', u'pins': u'[36]', u'data': u'6'}
inData_287303.7492963
Pubishing data to =jts/jpipe/v000001/adapter/adapter_config=
config data received
{u'dataRev': u'AR', u'pins': u'[36]', u'data': u'6'}
inData_287304.7492965
{u'dataRev': u'AR', u'pins': u'[36]', u'data': u'6'}
inData_287305.7492967
{u'dataRev': u'AR', u'pins': u'[36]', u'data': u'6'}
inData_287306.7492969
{u'dataRev': u'AR', u'pins': u'[36]', u'data': u'6'}
inData_287307.7492971
{u'dataRev': u'AR', u'pins': u'[36]', u'data': u'6'}
inData_287308.7492973
Pubishing data to =jts/jpipe/v000001/adapter/adapter_config=
config data received
{u'dataRev': u'AR', u'pins': u'[36]', u'data': u'6'}
inData_287309.7492976
{u'dataRev': u'AR', u'pins': u'[36]', u'data': u'6'}
inData_287310.7492978
{u'dataRev': u'AR', u'pins': u'[36]', u'data': u'6'}
inData_287311.7492980
{u'dataRev': u'AR', u'pins': u'[36]', u'data': u'6'}
inData_287312.7492982
{u'dataRev': u'AR', u'pins': u'[36]', u'data': u'6'}
inData_287313.7492984
Pubishing data to =jts/jpipe/v000001/adapter/adapter_config=
config data received
{u'dataRev': u'AR', u'pins': u'[36]', u'data': u'6'}
inData_287314.7492986
{u'dataRev': u'AR', u'pins': u'[36]', u'data': u'6'}
inData_287315.7492988
{u'dataRev': u'AR', u'pins': u'[36]', u'data': u'6'}
inData_287316.7492990
{u'dataRev': u'AR', u'pins': u'[36]', u'data': u'6'}
inData_287317.7492992
{u'dataRev': u'AR', u'pins': u'[36]', u'data': u'6'}
inData_287318.7492994
Pubishing data to =jts/jpipe/v000001/adapter/adapter_config=
config data received
{u'dataRev': u'AR', u'pins': u'[36]', u'data': u'6'}
inData_287319.7492996
{u'dataRev': u'AR', u'pins': u'[36]', u'data': u'6'}
inData_287320.7492998
{u'dataRev': u'AR', u'pins': u'[36]', u'data': u'6'}
inData_287321.7493000
{u'dataRev': u'AR', u'pins': u'[36]', u'data': u'6'}
inData_287322.7493002
{u'dataRev': u'AR', u'pins': u'[36]', u'data': u'6'}
inData_287323.7493005
Pubishing data to =jts/jpipe/v000001/adapter/adapter_config=
config data received
{u'dataRev': u'AR', u'pins': u'[36]', u'data': u'6'}
inData_287324.7493007
{u'dataRev': u'AR', u'pins': u'[36]', u'data': u'6'}
inData_287325.7493009
{u'dataRev': u'AR', u'pins': u'[36]', u'data': u'6'}
inData_287326.7493011
{u'dataRev': u'AR', u'pins': u'[36]', u'data': u'6'}
inData_287327.7493013
config data received
config data changed. writing data to config file
ERROR:last_update_error-DatabaseError(1050):Table 'inData' already exists
ERROR:last_update_error-DatabaseError(1050):Table 'outData' already exists
{u'dataRev': u'AR', u'pins': u'[36]', u'data': u'6'}
{u'dataRev': u'AR', u'pins': u'[36]', u'data': u'6'}
{u'dataRev': u'AR', u'pins': u'[36]', u'data': u'6'}
{u'dataRev': u'AR', u'pins': u'[36]', u'data': u'6'}
{u'dataRev': u'AR', u'pins': u'[36]', u'data': u'6'}
{u'dataRev': u'AR', u'pins': u'[36]', u'data': u'6'}
Pubishing data to =jts/jpipe/v000001/adapter/adapter_config=
config data received
config data changed. writERR: create table inData(                dataId integer NOT NULL AUTO_INCREMENT,                transId integer,                 macId varchar(12),                pins varchar(32),                data varchar(256),                status char(3) default 'rec',                ackSent boolean default False,                 inserrtDt timestamp default current_timestamp,                 changeDt timestamp default current_timestamp,                insertUser char(30) default 'application',                 updateUser char(30) default 'application',                PRIMARY KEY (dataId),                CONSTRAINT UC_Person UNIQUE (transId))
ERR: create table outData(                dataId integer NOT NULL AUTO_INCREMENT,                transId integer,                 macId varchar(12),                pins varchar(32),                data varchar(256),                status char(3) default 'rec',                ackSent boolean default False,                 inserrtDt timestamp default current_timestamp,                 changeDt timestamp default current_timestamp,                insertUser char(30) default 'application',                 updateUser char(30) default 'application',                PRIMARY KEY (dataId),                CONSTRAINT UC_Person UNIQUE (transId))
0.0 (1): INSERT INTO inData (data, insertUser, pins, transId, updateUser) VALUES ('{"dataRev": "AR", "pins": "[36]", "data": "6"}', 'jpipe', '"[36]"', '287334', 'jpipe')
0.0 (2): SELECT last_insert_id();
0.0 (1): INSERT INTO inData (data, insertUser, pins, transId, updateUser) VALUES ('{"dataRev": "AR", "pins": "[36]", "data": "6"}', 'jpipe', '"[36]"', '287335', 'jpipe')
0.0 (2): SELECT last_insert_id();
0.0 (1): INSERT INTO inData (data, insertUser, pins, transId, updateUser) VALUES ('{"dataRev": "AR", "pins": "[36]", "data": "6"}', 'jpipe', '"[36]"', '287336', 'jpipe')
0.0 (2): SELECT last_insert_id();
0.0 (1): INSERT INTO inData (data, insertUser, pins, transId, updateUser) VALUES ('{"dataRev": "AR", "pins": "[36]", "data": "6"}', 'jpipe', '"[36]"', '287337', 'jpipe')
0.0 (2): SELECT last_insert_id();
0.0 (1): INSERT INTO inData (data, insertUser, pins, transId, updateUser) VALUES ('{"dataRev": "AR", "pins": "[36]", "data": "6"}', 'jpipe', '"[36]"', '287338', 'jpipe')
0.0 (2): SELECT last_insert_id();
0.0 (1): INSERT INTO inData (data, insertUser, pins, transId, updateUser) VALUES ('{"dataRev": "AR", "pins": "[36]", "data": "6"}', 'jpipe', '"[36]"', '287339', 'jpipe')
0.0 (2): SELECT last_insert_id();
0.0 (1): INSERT INTO inData (data, insertUser, pins, transId, updateUser) VALUES ('{"dataRev": "AR", "pins": "[36]", "data": "6"}', 'jpipe', '"[36]"', '287340', 'jpipe')
0.0 (2): SELECT last_insert_id();
0.0 (1): INSERT INTO inData (data, insertUser, pins, transId, updateUser) VALUES ('{"dataRev": "AR", "pins": "[36]", "data": "6"}', 'jpipe', '"[36]"', '287341', 'jpipe')
0.0 (2): SELECT last_insert_id();
0.0 (1): INSERT INTO inData (data, insertUser, pins, transId, updateUser) VALUES ('{"dataRev": "AR", "pins": "[36]", "data": "6"}', 'jpipe', '"[36]"', '287342', 'jpipe')
0.0 (2): SELECT last_insert_id();
0.0 (1): INSERT INTO inData (data, insertUser, pins, transId, updateUser) VALUES ('{"dataRev": "AR", "pins": "[36]", "data": "6"}', 'jpipe', '"[36]"', '287343', 'jpipe')
0.0 (2): SELECT last_insert_id();
0.0 (1): INSERT INTO inData (data, insertUser, pins, transId, updateUser) VALUES ('{"dataRev": "AR", "pins": "[36]", "data": "6"}', 'jpipe', '"[36]"', '287344', 'jpipe')
0.0 (2): SELECT last_insert_id();
0.0 (1): INSERT INTO inData (data, insertUser, pins, transId, updateUser) VALUES ('{"dataRev": "AR", "pins": "[36]", "data": "6"}', 'jpipe', '"[36]"', '287345', 'jpipe')
0.0 (2): SELECT last_insert_id();
0.0 (1): INSERT INTO inData (data, insertUser, pins, transId, updateUser) VALUES ('{"dataRev": "AR", "pins": "[36]", "data": "6"}', 'jpipe', '"[36]"', '287346', 'jpipe')
0.0 (2): SELECT last_insert_id();
0.0 (1): INSERT INTO inData (data, insertUser, pins, transId, updateUser) VALUES ('{"dataRev": "AR", "pins": "[36]", "data": "6"}', 'jpipe', '"[36]"', '287347', 'jpipe')
0.0 (2): SELECT last_insert_id();
0.0 (1): INSERT INTO inData (data, insertUser, pins, transId, updateUser) VALUES ('{"dataRev": "AR", "pins": "[36]", "data": "6"}', 'jpipe', '"[36]"', '287348', 'jpipe')
0.0 (2): SELECT last_insert_id();
0.0 (1): INSERT INTO inData (data, insertUser, pins, transId, updateUser) VALUES ('{"dataRev": "AR", "pins": "[36]", "data": "6"}', 'jpipe', '"[36]"', '287349', 'jpipe')
0.0 (2): SELECT last_insert_id();
0.0 (1): INSERT INTO inData (data, insertUser, pins, transId, updateUser) VALUES ('{"dataRev": "AR", "pins": "[36]", "data": "6"}', 'jpipe', '"[36]"', '287350', 'jpipe')
0.0 (2): SELECT last_insert_id();
0.0 (1): INSERT INTO inData (data, insertUser, pins, transId, updateUser) VALUES ('{"dataRev": "AR", "pins": "[36]", "data": "6"}', 'jpipe', '"[36]"', '287351', 'jpipe')
0.0 (2): SELECT last_insert_id();
0.0 (1): INSERT INTO inData (data, insertUser, pins, transId, updateUser) VALUES ('{"dataRev": "AR", "pins": "[36]", "data": "6"}', 'jpipe', '"[36]"', '287352', 'jpipe')
0.0 (2): SELECT last_insert_id();
0.0 (1): INSERT INTO inData (data, insertUser, pins, transId, updateUser) VALUES ('{"dataRev": "AR", "pins": "[36]", "data": "6"}', 'jpipe', '"[36]"', '287353', 'jpipe')
0.0 (2): SELECT last_insert_id();
0.0 (1): INSERT INTO inData (data, insertUser, pins, transId, updateUser) VALUES ('{"dataRev": "AR", "pins": "[36]", "data": "6"}', 'jpipe', '"[36]"', '287354', 'jpipe')
0.0 (2): SELECT last_insert_id();
0.0 (1): INSERT INTO inData (data, insertUser, pins, transId, updateUser) VALUES ('{"dataRev": "AR", "pins": "[36]", "data": "6"}', 'jpipe', '"[36]"', '287355', 'jpipe')
0.0 (2): SELECT last_insert_id();
0.0 (1): INSERT INTO inData (data, insertUser, pins, transId, updateUser) VALUES ('{"dataRev": "AR", "pins": "[36]", "data": "6"}', 'jpipe', '"[36]"', '287356', 'jpipe')
0.0 (2): SELECT last_insert_id();
0.0 (1): INSERT INTO inData (data, insertUser, pins, transId, updateUser) VALUES ('{"dataRev": "AR", "pins": "[36]", "data": "6"}', 'jpipe', '"[36]"', '287357', 'jpipe')
0.0 (2): SELECT last_insert_id();
0.0 (1): INSERT INTO inData (data, insertUser, pins, transId, updateUser) VALUES ('{"dataRev": "AR", "pins": "[36]", "data": "6"}', 'jpipe', '"[36]"', '287358', 'jpipe')
0.0 (2): SELECT last_insert_id();
0.0 (1): INSERT INTO inData (data, insertUser, pins, transId, updateUser) VALUES ('{"dataRev": "AR", "pins": "[36]", "data": "6"}', 'jpipe', '"[36]"', '287359', 'jpipe')
0.0 (2): SELECT last_insert_id();
0.0 (1): INSERT INTO inData (data, insertUser, pins, transId, updateUser) VALUES ('{"dataRev": "AR", "pins": "[36]", "data": "6"}', 'jpipe', '"[36]"', '287360', 'jpipe')
0.0 (2): SELECT last_insert_id();
0.0 (1): INSERT INTO inData (data, insertUser, pins, transId, updateUser) VALUES ('{"dataRev": "AR", "pins": "[36]", "data": "6"}', 'jpipe', '"[36]"', '287361', 'jpipe')
0.0 (2): SELECT last_insert_id();
0.0 (1): INSERT INTO inData (data, insertUser, pins, transId, updateUser) VALUES ('{"dataRev": "AR", "pins": "[36]", "data": "6"}', 'jpipe', '"[36]"', '287362', 'jpipe')
0.0 (2): SELECT last_insert_id();
0.0 (1): INSERT INTO inData (data, insertUser, pins, transId, updateUser) VALUES ('{"dataRev": "AR", "pins": "[36]", "data": "6"}', 'jpipe', '"[36]"', '287363', 'jpipe')
0.0 (2): SELECT last_insert_id();
0.0 (1): INSERT INTO inData (data, insertUser, pins, transId, updateUser) VALUES ('{"dataRev": "AR", "pins": "[36]", "data": "6"}', 'jpipe', '"[36]"', '287364', 'jpipe')
0.0 (2): SELECT last_insert_id();
0.0 (1): INSERT INTO inData (data, insertUser, pins, transId, updateUser) VALUES ('{"dataRev": "AR", "pins": "[36]", "data": "6"}', 'jpipe', '"[36]"', '287365', 'jpipe')
0.0 (2): SELECT last_insert_id();
0.0 (1): INSERT INTO inData (data, insertUser, pins, transId, updateUser) VALUES ('{"dataRev": "AR", "pins": "[36]", "data": "6"}', 'jpipe', '"[36]"', '287366', 'jpipe')
0.0 (2): SELECT last_insert_id();
0.0 (1): INSERT INTO inData (data, insertUser, pins, transId, updateUser) VALUES ('{"dataRev": "AR", "pins": "[36]", "data": "6"}', 'jpipe', '"[36]"', '287367', 'jpipe')
0.0 (2): SELECT last_insert_id();
0.0 (1): INSERT INTO inData (data, insertUser, pins, transId, updateUser) VALUES ('{"dataRev": "AR", "pins": "[36]", "data": "6"}', 'jpipe', '"[36]"', '287368', 'jpipe')
0.0 (2): SELECT last_insert_id();
0.0 (1): INSERT INTO inData (data, insertUser, pins, transId, updateUser) VALUES ('{"dataRev": "AR", "pins": "[36]", "data": "6"}', 'jpipe', '"[36]"', '287369', 'jpipe')
0.0 (2): SELECT last_insert_id();
0.0 (1): INSERT INTO inData (data, insertUser, pins, transId, updateUser) VALUES ('{"dataRev": "AR", "pins": "[36]", "data": "6"}', 'jpipe', '"[36]"', '287370', 'jpipe')
0.0 (2): SELECT last_insert_id();
0.0 (1): INSERT INTO inData (data, insertUser, pins, transId, updateUser) VALUES ('{"dataRev": "AR", "pins": "[36]", "data": "6"}', 'jpipe', '"[36]"', '287371', 'jpipe')
0.0 (2): SELECT last_insert_id();
0.0 (1): INSERT INTO inData (data, insertUser, pins, transId, updateUser) VALUES ('{"dataRev": "AR", "pins": "[36]", "data": "6"}', 'jpipe', '"[36]"', '287372', 'jpipe')
0.0 (2): SELECT last_insert_id();
0.0 (1): INSERT INTO inData (data, insertUser, pins, transId, updateUser) VALUES ('{"dataRev": "AR", "pins": "[36]", "data": "6"}', 'jpipe', '"[36]"', '287373', 'jpipe')
0.0 (2): SELECT last_insert_id();
0.0 (1): INSERT INTO inData (data, insertUser, pins, transId, updateUser) VALUES ('{"dataRev": "AR", "pins": "[36]", "data": "6"}', 'jpipe', '"[36]"', '287374', 'jpipe')
0.0 (2): SELECT last_insert_id();
0.0 (1): INSERT INTO inData (data, insertUser, pins, transId, updateUser) VALUES ('{"dataRev": "AR", "pins": "[36]", "data": "6"}', 'jpipe', '"[36]"', '287375', 'jpipe')
0.0 (2): SELECT last_insert_id();
0.0 (1): INSERT INTO inData (data, insertUser, pins, transId, updateUser) VALUES ('{"dataRev": "AR", "pins": "[36]", "data": "6"}', 'jpipe', '"[36]"', '287376', 'jpipe')
0.0 (2): SELECT last_insert_id();
0.0 (1): INSERT INTO inData (data, insertUser, pins, transId, updateUser) VALUES ('{"dataRev": "AR", "pins": "[36]", "data": "8"}', 'jpipe', '"[36]"', '287377', 'jpipe')
0.0 (2): SELECT last_insert_id();
0.0 (1): INSERT INTO inData (data, insertUser, pins, transId, updateUser) VALUES ('{"dataRev": "AR", "pins": "[36]", "data": "8"}', 'jpipe', '"[36]"', '287378', 'jpipe')
0.0 (2): SELECT last_insert_id();
0.0 (1): INSERT INTO inData (data, insertUser, pins, transId, updateUser) VALUES ('{"dataRev": "AR", "pins": "[36]", "data": "8"}', 'jpipe', '"[36]"', '287379', 'jpipe')
0.0 (2): SELECT last_insert_id();
0.01 (1): INSERT INTO inData (data, insertUser, pins, transId, updateUser) VALUES ('{"dataRev": "AR", "pins": "[36]", "data": "8"}', 'jpipe', '"[36]"', '287380', 'jpipe')
0.0 (2): SELECT last_insert_id();
0.0 (1): INSERT INTO inData (data, insertUser, pins, transId, updateUser) VALUES ('{"dataRev": "AR", "pins": "[36]", "data": "8"}', 'jpipe', '"[36]"', '287381', 'jpipe')
0.0 (2): SELECT last_insert_id();
0.0 (1): INSERT INTO inData (data, insertUser, pins, transId, updateUser) VALUES ('{"dataRev": "AR", "pins": "[36]", "data": "8"}', 'jpipe', '"[36]"', '287382', 'jpipe')
0.0 (2): SELECT last_insert_id();
0.0 (1): INSERT INTO inData (data, insertUser, pins, transId, updateUser) VALUES ('{"dataRev": "AR", "pins": "[36]", "data": "8"}', 'jpipe', '"[36]"', '287383', 'jpipe')
0.0 (2): SELECT last_insert_id();
0.0 (1): INSERT INTO inData (data, insertUser, pins, transId, updateUser) VALUES ('{"dataRev": "AR", "pins": "[36]", "data": "8"}', 'jpipe', '"[36]"', '287384', 'jpipe')
0.0 (2): SELECT last_insert_id();
0.0 (1): INSERT INTO inData (data, insertUser, pins, transId, updateUser) VALUES ('{"dataRev": "AR", "pins": "[36]", "data": "8"}', 'jpipe', '"[36]"', '287385', 'jpipe')
0.0 (2): SELECT last_insert_id();
0.0 (1): INSERT INTO inData (data, insertUser, pins, transId, updateUser) VALUES ('{"dataRev": "AR", "pins": "[36]", "data": "8"}', 'jpipe', '"[36]"', '287386', 'jpipe')
0.0 (2): SELECT last_insert_id();
0.0 (1): INSERT INTO inData (data, insertUser, pins, transId, updateUser) VALUES ('{"dataRev": "AR", "pins": "[36]", "data": "8"}', 'jpipe', '"[36]"', '287387', 'jpipe')
0.0 (2): SELECT last_insert_id();
0.0 (1): INSERT INTO inData (data, insertUser, pins, transId, updateUser) VALUES ('{"dataRev": "AR", "pins": "[36]", "data": "8"}', 'jpipe', '"[36]"', '287388', 'jpipe')
0.0 (2): SELECT last_insert_id();
0.0 (1): INSERT INTO inData (data, insertUser, pins, transId, updateUser) VALUES ('{"dataRev": "AR", "pins": "[36]", "data": "8"}', 'jpipe', '"[36]"', '287389', 'jpipe')
0.0 (2): SELECT last_insert_id();
0.0 (1): INSERT INTO inData (data, insertUser, pins, transId, updateUser) VALUES ('{"dataRev": "AR", "pins": "[36]", "data": "8"}', 'jpipe', '"[36]"', '287390', 'jpipe')
0.0 (2): SELECT last_insert_id();
ing data to config file
ERROR:last_update_error-DatabaseError(1050):Table 'inData' already exists
ERROR:last_update_error-DatabaseError(1050):Table 'outData' already exists
{u'dataRev': u'AR', u'pins': u'[36]', u'data': u'6'}
{u'dataRev': u'AR', u'pins': u'[36]', u'data': u'6'}
{u'dataRev': u'AR', u'pins': u'[36]', u'data': u'6'}
{u'dataRev': u'AR', u'pins': u'[36]', u'data': u'6'}
{u'dataRev': u'AR', u'pins': u'[36]', u'data': u'6'}
Pubishing data to =jts/jpipe/v000001/adapter/adapter_config=
config data received
{u'dataRev': u'AR', u'pins': u'[36]', u'data': u'6'}
{u'dataRev': u'AR', u'pins': u'[36]', u'data': u'6'}
{u'dataRev': u'AR', u'pins': u'[36]', u'data': u'6'}
{u'dataRev': u'AR', u'pins': u'[36]', u'data': u'6'}
{u'dataRev': u'AR', u'pins': u'[36]', u'data': u'6'}
Pubishing data to =jts/jpipe/v000001/adapter/adapter_config=
config data received
{u'dataRev': u'AR', u'pins': u'[36]', u'data': u'6'}
{u'dataRev': u'AR', u'pins': u'[36]', u'data': u'6'}
{u'dataRev': u'AR', u'pins': u'[36]', u'data': u'6'}
{u'dataRev': u'AR', u'pins': u'[36]', u'data': u'6'}
{u'dataRev': u'AR', u'pins': u'[36]', u'data': u'6'}
Pubishing data to =jts/jpipe/v000001/adapter/adapter_config=
config data received
{u'dataRev': u'AR', u'pins': u'[36]', u'data': u'6'}
{u'dataRev': u'AR', u'pins': u'[36]', u'data': u'6'}
{u'dataRev': u'AR', u'pins': u'[36]', u'data': u'6'}
{u'dataRev': u'AR', u'pins': u'[36]', u'data': u'6'}
{u'dataRev': u'AR', u'pins': u'[36]', u'data': u'6'}
Pubishing data to =jts/jpipe/v000001/adapter/adapter_config=
config data received
{u'dataRev': u'AR', u'pins': u'[36]', u'data': u'6'}
{u'dataRev': u'AR', u'pins': u'[36]', u'data': u'6'}
{u'dataRev': u'AR', u'pins': u'[36]', u'data': u'6'}
{u'dataRev': u'AR', u'pins': u'[36]', u'data': u'6'}
{u'dataRev': u'AR', u'pins': u'[36]', u'data': u'6'}
Pubishing data to =jts/jpipe/v000001/adapter/adapter_config=
config data received
{u'dataRev': u'AR', u'pins': u'[36]', u'data': u'6'}
{u'dataRev': u'AR', u'pins': u'[36]', u'data': u'6'}
{u'dataRev': u'AR', u'pins': u'[36]', u'data': u'6'}
{u'dataRev': u'AR', u'pins': u'[36]', u'data': u'6'}
{u'dataRev': u'AR', u'pins': u'[36]', u'data': u'6'}
Pubishing data to =jts/jpipe/v000001/adapter/adapter_config=
config data received
{u'dataRev': u'AR', u'pins': u'[36]', u'data': u'6'}
{u'dataRev': u'AR', u'pins': u'[36]', u'data': u'6'}
{u'dataRev': u'AR', u'pins': u'[36]', u'data': u'6'}
{u'dataRev': u'AR', u'pins': u'[36]', u'data': u'6'}
{u'dataRev': u'AR', u'pins': u'[36]', u'data': u'6'}
Pubishing data to =jts/jpipe/v000001/adapter/adapter_config=
config data received
{u'dataRev': u'AR', u'pins': u'[36]', u'data': u'6'}
{u'dataRev': u'AR', u'pins': u'[36]', u'data': u'6'}
{u'dataRev': u'AR', u'pins': u'[36]', u'data': u'6'}
{u'dataRev': u'AR', u'pins': u'[36]', u'data': u'6'}
{u'dataRev': u'AR', u'pins': u'[36]', u'data': u'6'}
Pubishing data to =jts/jpipe/v000001/adapter/adapter_config=
config data received
{u'dataRev': u'AR', u'pins': u'[36]', u'data': u'6'}
{u'dataRev': u'AR', u'pins': u'[36]', u'data': u'6'}
{u'dataRev': u'AR', u'pins': u'[36]', u'data': u'6'}
{u'dataRev': u'AR', u'pins': u'[36]', u'data': u'8'}
{u'dataRev': u'AR', u'pins': u'[36]', u'data': u'8'}
Pubishing data to =jts/jpipe/v000001/adapter/adapter_config=
config data received
{u'dataRev': u'AR', u'pins': u'[36]', u'data': u'8'}
{u'dataRev': u'AR', u'pins': u'[36]', u'data': u'8'}
{u'dataRev': u'AR', u'pins': u'[36]', u'data': u'8'}
{u'dataRev': u'AR', u'pins': u'[36]', u'data': u'8'}
{u'dataRev': u'AR', u'pins': u'[36]', u'data': u'8'}
Pubishing data to =jts/jpipe/v000001/adapter/adapter_config=
config data received
{u'dataRev': u'AR', u'pins': u'[36]', u'data': u'8'}
{u'dataRev': u'AR', u'pins': u'[36]', u'data': u'8'}
{u'dataRev': u'AR', u'pins': u'[36]', u'data': u'8'}
{u'dataRev': u'AR', u'pins': u'[36]', u'data': u'8'}
{u'dataRev': u'AR', u'pins': u'[36]', u'data': u'8'}
Pubishing data to =jts/jpipe/v000001/adapter/adapter_config=
config data received
{u'dataRev': u'AR', u'pins': u'[36]', u'data': u'8'}
{u'dataRev': u'AR', u'pins': u'[36]', u'data': u'8'}
0.0 (1): INSERT INTO inData (data, insertUser, pins, transId, updateUser) VALUES ('{"dataRev": "AR", "pins": "[36]", "data": "8"}', 'jpipe', '"[36]"', '287391', 'jpipe')
0.0 (2): SELECT last_insert_id();
0.0 (1): INSERT INTO inData (data, insertUser, pins, transId, updateUser) VALUES ('{"dataRev": "AR", "pins": "[36]", "data": "8"}', 'jpipe', '"[36]"', '287392', 'jpipe')
0.0 (2): SELECT last_insert_id();
0.0 (1): INSERT INTO inData (data, insertUser, pins, transId, updateUser) VALUES ('{"dataRev": "AR", "pins": "[36]", "data": "8"}', 'jpipe', '"[36]"', '287393', 'jpipe')
0.0 (2): SELECT last_insert_id();
0.0 (1): INSERT INTO inData (data, insertUser, pins, transId, updateUser) VALUES ('{"dataRev": "AR", "pins": "[36]", "data": "8"}', 'jpipe', '"[36]"', '287394', 'jpipe')
0.0 (2): SELECT last_insert_id();
0.0 (1): INSERT INTO inData (data, insertUser, pins, transId, updateUser) VALUES ('{"dataRev": "AR", "pins": "[36]", "data": "8"}', 'jpipe', '"[36]"', '287395', 'jpipe')
0.0 (2): SELECT last_insert_id();
0.0 (1): INSERT INTO inData (data, insertUser, pins, transId, updateUser) VALUES ('{"dataRev": "AR", "pins": "[36]", "data": "8"}', 'jpipe', '"[36]"', '287396', 'jpipe')
0.0 (2): SELECT last_insert_id();
0.0 (1): INSERT INTO inData (data, insertUser, pins, transId, updateUser) VALUES ('{"dataRev": "AR", "pins": "[36]", "data": "8"}', 'jpipe', '"[36]"', '287397', 'jpipe')
0.0 (2): SELECT last_insert_id();
0.0 (1): INSERT INTO inData (data, insertUser, pins, transId, updateUser) VALUES ('{"dataRev": "AR", "pins": "[36]", "data": "8"}', 'jpipe', '"[36]"', '287398', 'jpipe')
0.0 (2): SELECT last_insert_id();
0.0 (1): INSERT INTO inData (data, insertUser, pins, transId, updateUser) VALUES ('{"dataRev": "AR", "pins": "[36]", "data": "8"}', 'jpipe', '"[36]"', '287399', 'jpipe')
0.0 (2): SELECT last_insert_id();
0.0 (1): INSERT INTO inData (data, insertUser, pins, transId, updateUser) VALUES ('{"dataRev": "AR", "pins": "[36]", "data": "8"}', 'jpipe', '"[36]"', '287400', 'jpipe')
0.0 (2): SELECT last_insert_id();
0.0 (1): INSERT INTO inData (data, insertUser, pins, transId, updateUser) VALUES ('{"dataRev": "AR", "pins": "[36]", "data": "8"}', 'jpipe', '"[36]"', '287401', 'jpipe')
0.0 (2): SELECT last_insert_id();
0.0 (1): INSERT INTO inData (data, insertUser, pins, transId, updateUser) VALUES ('{"dataRev": "AR", "pins": "[36]", "data": "8"}', 'jpipe', '"[36]"', '287402', 'jpipe')
0.0 (2): SELECT last_insert_id();
0.0 (1): INSERT INTO inData (data, insertUser, pins, transId, updateUser) VALUES ('{"dataRev": "AR", "pins": "[36]", "data": "8"}', 'jpipe', '"[36]"', '287403', 'jpipe')
0.0 (2): SELECT last_insert_id();
0.0 (1): INSERT INTO inData (data, insertUser, pins, transId, updateUser) VALUES ('{"dataRev": "AR", "pins": "[36]", "data": "8"}', 'jpipe', '"[36]"', '287404', 'jpipe')
0.0 (2): SELECT last_insert_id();
0.0 (1): INSERT INTO inData (data, insertUser, pins, transId, updateUser) VALUES ('{"dataRev": "AR", "pins": "[36]", "data": "8"}', 'jpipe', '"[36]"', '287405', 'jpipe')
0.0 (2): SELECT last_insert_id();
0.0 (1): INSERT INTO inData (data, insertUser, pins, transId, updateUser) VALUES ('{"dataRev": "AR", "pins": "[36]", "data": "8"}', 'jpipe', '"[36]"', '287406', 'jpipe')
0.0 (2): SELECT last_insert_id();
0.0 (1): INSERT INTO inData (data, insertUser, pins, transId, updateUser) VALUES ('{"dataRev": "AR", "pins": "[36]", "data": "8"}', 'jpipe', '"[36]"', '287407', 'jpipe')
0.0 (2): SELECT last_insert_id();
0.0 (1): INSERT INTO inData (data, insertUser, pins, transId, updateUser) VALUES ('{"dataRev": "AR", "pins": "[36]", "data": "8"}', 'jpipe', '"[36]"', '287408', 'jpipe')
0.0 (2): SELECT last_insert_id();
0.0 (1): INSERT INTO inData (data, insertUser, pins, transId, updateUser) VALUES ('{"dataRev": "AR", "pins": "[36]", "data": "8"}', 'jpipe', '"[36]"', '287409', 'jpipe')
0.0 (2): SELECT last_insert_id();
0.0 (1): INSERT INTO inData (data, insertUser, pins, transId, updateUser) VALUES ('{"dataRev": "AR", "pins": "[36]", "data": "8"}', 'jpipe', '"[36]"', '287410', 'jpipe')
0.0 (2): SELECT last_insert_id();
0.0 (1): INSERT INTO inData (data, insertUser, pins, transId, updateUser) VALUES ('{"dataRev": "AR", "pins": "[36]", "data": "8"}', 'jpipe', '"[36]"', '287411', 'jpipe')
0.0 (2): SELECT last_insert_id();
0.0 (1): INSERT INTO inData (data, insertUser, pins, transId, updateUser) VALUES ('{"dataRev": "AR", "pins": "[36]", "data": "8"}', 'jpipe', '"[36]"', '287412', 'jpipe')
0.0 (2): SELECT last_insert_id();
0.0 (1): INSERT INTO inData (data, insertUser, pins, transId, updateUser) VALUES ('{"dataRev": "AR", "pins": "[36]", "data": "8"}', 'jpipe', '"[36]"', '287413', 'jpipe')
0.0 (2): SELECT last_insert_id();
0.0 (1): INSERT INTO inData (data, insertUser, pins, transId, updateUser) VALUES ('{"dataRev": "AR", "pins": "[36]", "data": "8"}', 'jpipe', '"[36]"', '287414', 'jpipe')
0.0 (2): SELECT last_insert_id();
0.0 (1): INSERT INTO inData (data, insertUser, pins, transId, updateUser) VALUES ('{"dataRev": "AR", "pins": "[36]", "data": "8"}', 'jpipe', '"[36]"', '287415', 'jpipe')
0.0 (2): SELECT last_insert_id();
0.0 (1): INSERT INTO inData (data, insertUser, pins, transId, updateUser) VALUES ('{"dataRev": "AR", "pins": "[36]", "data": "8"}', 'jpipe', '"[36]"', '287416', 'jpipe')
0.0 (2): SELECT last_insert_id();
0.0 (1): INSERT INTO inData (data, insertUser, pins, transId, updateUser) VALUES ('{"dataRev": "AR", "pins": "[36]", "data": "8"}', 'jpipe', '"[36]"', '287417', 'jpipe')
0.0 (2): SELECT last_insert_id();
0.0 (1): INSERT INTO inData (data, insertUser, pins, transId, updateUser) VALUES ('{"dataRev": "AR", "pins": "[36]", "data": "8"}', 'jpipe', '"[36]"', '287418', 'jpipe')
0.0 (2): SELECT last_insert_id();
0.0 (1): INSERT INTO inData (data, insertUser, pins, transId, updateUser) VALUES ('{"dataRev": "AR", "pins": "[36]", "data": "8"}', 'jpipe', '"[36]"', '287419', 'jpipe')
0.0 (2): SELECT last_insert_id();
0.0 (1): INSERT INTO inData (data, insertUser, pins, transId, updateUser) VALUES ('{"dataRev": "AR", "pins": "[36]", "data": "8"}', 'jpipe', '"[36]"', '287420', 'jpipe')
0.0 (2): SELECT last_insert_id();
0.0 (1): INSERT INTO inData (data, insertUser, pins, transId, updateUser) VALUES ('{"dataRev": "AR", "pins": "[36]", "data": "8"}', 'jpipe', '"[36]"', '287421', 'jpipe')
0.0 (2): SELECT last_insert_id();
0.0 (1): INSERT INTO inData (data, insertUser, pins, transId, updateUser) VALUES ('{"dataRev": "AR", "pins": "[36]", "data": "8"}', 'jpipe', '"[36]"', '287422', 'jpipe')
0.0 (2): SELECT last_insert_id();
0.0 (1): INSERT INTO inData (data, insertUser, pins, transId, updateUser) VALUES ('{"dataRev": "AR", "pins": "[36]", "data": "8"}', 'jpipe', '"[36]"', '287423', 'jpipe')
0.0 (2): SELECT last_insert_id();
0.0 (1): INSERT INTO inData (data, insertUser, pins, transId, updateUser) VALUES ('{"dataRev": "AR", "pins": "[36]", "data": "8"}', 'jpipe', '"[36]"', '287424', 'jpipe')
0.0 (2): SELECT last_insert_id();
0.0 (1): INSERT INTO inData (data, insertUser, pins, transId, updateUser) VALUES ('{"dataRev": "AR", "pins": "[36]", "data": "8"}', 'jpipe', '"[36]"', '287425', 'jpipe')
0.0 (2): SELECT last_insert_id();
0.0 (1): INSERT INTO inData (data, insertUser, pins, transId, updateUser) VALUES ('{"dataRev": "AR", "pins": "[36]", "data": "8"}', 'jpipe', '"[36]"', '287426', 'jpipe')
0.0 (2): SELECT last_insert_id();
0.0 (1): INSERT INTO inData (data, insertUser, pins, transId, updateUser) VALUES ('{"dataRev": "AR", "pins": "[36]", "data": "8"}', 'jpipe', '"[36]"', '287427', 'jpipe')
0.0 (2): SELECT last_insert_id();
0.0 (1): INSERT INTO inData (data, insertUser, pins, transId, updateUser) VALUES ('{"dataRev": "AR", "pins": "[36]", "data": "8"}', 'jpipe', '"[36]"', '287428', 'jpipe')
0.0 (2): SELECT last_insert_id();
0.0 (1): INSERT INTO inData (data, insertUser, pins, transId, updateUser) VALUES ('{"dataRev": "AR", "pins": "[36]", "data": "8"}', 'jpipe', '"[36]"', '287429', 'jpipe')
0.0 (2): SELECT last_insert_id();
0.0 (1): INSERT INTO inData (data, insertUser, pins, transId, updateUser) VALUES ('{"dataRev": "AR", "pins": "[36]", "data": "8"}', 'jpipe', '"[36]"', '287430', 'jpipe')
0.0 (2): SELECT last_insert_id();
0.0 (1): INSERT INTO inData (data, insertUser, pins, transId, updateUser) VALUES ('{"dataRev": "AR", "pins": "[36]", "data": "8"}', 'jpipe', '"[36]"', '287431', 'jpipe')
0.0 (2): SELECT last_insert_id();
0.0 (1): INSERT INTO inData (data, insertUser, pins, transId, updateUser) VALUES ('{"dataRev": "AR", "pins": "[36]", "data": "8"}', 'jpipe', '"[36]"', '287432', 'jpipe')
0.0 (2): SELECT last_insert_id();
0.0 (1): INSERT INTO inData (data, insertUser, pins, transId, updateUser) VALUES ('{"dataRev": "AR", "pins": "[36]", "data": "8"}', 'jpipe', '"[36]"', '287433', 'jpipe')
0.0 (2): SELECT last_insert_id();
0.0 (1): INSERT INTO inData (data, insertUser, pins, transId, updateUser) VALUES ('{"dataRev": "AR", "pins": "[36]", "data": "8"}', 'jpipe', '"[36]"', '287434', 'jpipe')
0.0 (2): SELECT last_insert_id();
0.0 (1): INSERT INTO inData (data, insertUser, pins, transId, updateUser) VALUES ('{"dataRev": "AR", "pins": "[36]", "data": "8"}', 'jpipe', '"[36]"', '287435', 'jpipe')
0.0 (2): SELECT last_insert_id();
0.0 (1): INSERT INTO inData (data, insertUser, pins, transId, updateUser) VALUES ('{"dataRev": "AR", "pins": "[36]", "data": "8"}', 'jpipe', '"[36]"', '287436', 'jpipe')
0.0 (2): SELECT last_insert_id();
0.0 (1): INSERT INTO inData (data, insertUser, pins, transId, updateUser) VALUES ('{"dataRev": "AR", "pins": "[36]", "data": "8"}', 'jpipe', '"[36]"', '287437', 'jpipe')
0.0 (2): SELECT last_insert_id();
0.0 (1): INSERT INTO inData (data, insertUser, pins, transId, updateUser) VALUES ('{"dataRev": "AR", "pins": "[36]", "data": "8"}', 'jpipe', '"[36]"', '287438', 'jpipe')
0.0 (2): SELECT last_insert_id();
0.0 (1): INSERT INTO inData (data, insertUser, pins, transId, updateUser) VALUES ('{"dataRev": "AR", "pins": "[36]", "data": "8"}', 'jpipe', '"[36]"', '287439', 'jpipe')
0.0 (2): SELECT last_insert_id();
0.0 (1): INSERT INTO inData (data, insertUser, pins, transId, updateUser) VALUES ('{"dataRev": "AR", "pins": "[36]", "data": "8"}', 'jpipe', '"[36]"', '287440', 'jpipe')
0.0 (2): SELECT last_insert_id();
0.0 (1): INSERT INTO inData (data, insertUser, pins, transId, updateUser) VALUES ('{"dataRev": "AR", "pins": "[36]", "data": "8"}', 'jpipe', '"[36]"', '287441', 'jpipe')
0.0 (2): SELECT last_insert_id();
0.0 (1): INSERT INTO inData (data, insertUser, pins, transId, updateUser) VALUES ('{"dataRev": "AR", "pins": "[36]", "data": "8"}', 'jpipe', '"[36]"', '287442', 'jpipe')
0.0 (2): SELECT last_insert_id();
0.0 (1): INSERT INTO inData (data, insertUser, pins, transId, updateUser) VALUES ('{"dataRev": "AR", "pins": "[36]", "data": "8"}', 'jpipe', '"[36]"', '287443', 'jpipe')
0.0 (2): SELECT last_insert_id();
0.0 (1): INSERT INTO inData (data, insertUser, pins, transId, updateUser) VALUES ('{"dataRev": "AR", "pins": "[36]", "data": "8"}', 'jpipe', '"[36]"', '287444', 'jpipe')
0.0 (2): SELECT last_insert_id();
0.0 (1): INSERT INTO inData (data, insertUser, pins, transId, updateUser) VALUES ('{"dataRev": "AR", "pins": "[36]", "data": "8"}', 'jpipe', '"[36]"', '287445', 'jpipe')
0.0 (2): SELECT last_insert_id();
0.0 (1): INSERT INTO inData (data, insertUser, pins, transId, updateUser) VALUES ('{"dataRev": "AR", "pins": "[36]", "data": "8"}', 'jpipe', '"[36]"', '287446', 'jpipe')
0.0 (2): SELECT last_insert_id();
0.0 (1): INSERT INTO inData (data, insertUser, pins, transId, updateUser) VALUES ('{"dataRev": "AR", "pins": "[36]", "data": "8"}', 'jpipe', '"[36]"', '287447', 'jpipe')
0.0 (2): SELECT last_insert_id();
0.0 (1): INSERT INTO inData (data, insertUser, pins, transId, updateUser) VALUES ('{"dataRev": "AR", "pins": "[36]", "data": "8"}', 'jpipe', '"[36]"', '287448', 'jpipe')
0.0 (2): SELECT last_insert_id();
{u'dataRev': u'AR', u'pins': u'[36]', u'data': u'8'}
{u'dataRev': u'AR', u'pins': u'[36]', u'data': u'8'}
{u'dataRev': u'AR', u'pins': u'[36]', u'data': u'8'}
Pubishing data to =jts/jpipe/v000001/adapter/adapter_config=
config data received
{u'dataRev': u'AR', u'pins': u'[36]', u'data': u'8'}
{u'dataRev': u'AR', u'pins': u'[36]', u'data': u'8'}
{u'dataRev': u'AR', u'pins': u'[36]', u'data': u'8'}
{u'dataRev': u'AR', u'pins': u'[36]', u'data': u'8'}
{u'dataRev': u'AR', u'pins': u'[36]', u'data': u'8'}
Pubishing data to =jts/jpipe/v000001/adapter/adapter_config=
config data received
{u'dataRev': u'AR', u'pins': u'[36]', u'data': u'8'}
{u'dataRev': u'AR', u'pins': u'[36]', u'data': u'8'}
{u'dataRev': u'AR', u'pins': u'[36]', u'data': u'8'}
{u'dataRev': u'AR', u'pins': u'[36]', u'data': u'8'}
{u'dataRev': u'AR', u'pins': u'[36]', u'data': u'8'}
Pubishing data to =jts/jpipe/v000001/adapter/adapter_config=
config data received
{u'dataRev': u'AR', u'pins': u'[36]', u'data': u'8'}
{u'dataRev': u'AR', u'pins': u'[36]', u'data': u'8'}
{u'dataRev': u'AR', u'pins': u'[36]', u'data': u'8'}
{u'dataRev': u'AR', u'pins': u'[36]', u'data': u'8'}
{u'dataRev': u'AR', u'pins': u'[36]', u'data': u'8'}
Pubishing data to =jts/jpipe/v000001/adapter/adapter_config=
config data received
{u'dataRev': u'AR', u'pins': u'[36]', u'data': u'8'}
{u'dataRev': u'AR', u'pins': u'[36]', u'data': u'8'}
{u'dataRev': u'AR', u'pins': u'[36]', u'data': u'8'}
{u'dataRev': u'AR', u'pins': u'[36]', u'data': u'8'}
{u'dataRev': u'AR', u'pins': u'[36]', u'data': u'8'}
Pubishing data to =jts/jpipe/v000001/adapter/adapter_config=
config data received
{u'dataRev': u'AR', u'pins': u'[36]', u'data': u'8'}
{u'dataRev': u'AR', u'pins': u'[36]', u'data': u'8'}
{u'dataRev': u'AR', u'pins': u'[36]', u'data': u'8'}
{u'dataRev': u'AR', u'pins': u'[36]', u'data': u'8'}
{u'dataRev': u'AR', u'pins': u'[36]', u'data': u'8'}
Pubishing data to =jts/jpipe/v000001/adapter/adapter_config=
config data received
{u'dataRev': u'AR', u'pins': u'[36]', u'data': u'8'}
{u'dataRev': u'AR', u'pins': u'[36]', u'data': u'8'}
{u'dataRev': u'AR', u'pins': u'[36]', u'data': u'8'}
{u'dataRev': u'AR', u'pins': u'[36]', u'data': u'8'}
{u'dataRev': u'AR', u'pins': u'[36]', u'data': u'8'}
Pubishing data to =jts/jpipe/v000001/adapter/adapter_config=
config data received
{u'dataRev': u'AR', u'pins': u'[36]', u'data': u'8'}
{u'dataRev': u'AR', u'pins': u'[36]', u'data': u'8'}
{u'dataRev': u'AR', u'pins': u'[36]', u'data': u'8'}
{u'dataRev': u'AR', u'pins': u'[36]', u'data': u'8'}
{u'dataRev': u'AR', u'pins': u'[36]', u'data': u'8'}
Pubishing data to =jts/jpipe/v000001/adapter/adapter_config=
config data received
{u'dataRev': u'AR', u'pins': u'[36]', u'data': u'8'}
{u'dataRev': u'AR', u'pins': u'[36]', u'data': u'8'}
{u'dataRev': u'AR', u'pins': u'[36]', u'data': u'8'}
{u'dataRev': u'AR', u'pins': u'[36]', u'data': u'8'}
{u'dataRev': u'AR', u'pins': u'[36]', u'data': u'8'}
Pubishing data to =jts/jpipe/v000001/adapter/adapter_config=
config data received
{u'dataRev': u'AR', u'pins': u'[36]', u'data': u'8'}
{u'dataRev': u'AR', u'pins': u'[36]', u'data': u'8'}
{u'dataRev': u'AR', u'pins': u'[36]', u'data': u'8'}
{u'dataRev': u'AR', u'pins': u'[36]', u'data': u'8'}
{u'dataRev': u'AR', u'pins': u'[36]', u'data': u'8'}
Pubishing data to =jts/jpipe/v000001/adapter/adapter_config=
config data received
{u'dataRev': u'AR', u'pins': u'[36]', u'data': u'8'}
{u'dataRev': u'AR', u'pins': u'[36]', u'data': u'8'}
{u'dataRev': u'AR', u'pins': u'[36]', u'data': u'8'}
{u'dataRev': u'AR', u'pins': u'[36]', u'data': u'8'}
{u'dataRev': u'AR', u'pins': u'[36]', u'data': u'8'}
Pubishing data to =jts/jpipe/v000001/adapter/adapter_config=
config data received
{u'dataRev': u'AR', u'pins': u'[36]', u'data': u'8'}
{u'dataRev': u'AR', u'pins': u'[36]', u'data': u'8'}
{u'dataRev': u'AR', u'pins': u'[36]', u'data': u'8'}
{u'dataRev': u'AR', u'pins': u'[36]', u'data': u'8'}
{u'dataRev': u'AR', u'pins': u'[36]', u'data': u'8'}
Pubishing data to =jts/jpipe/v000001/adapter/adapter_config=
config data received
{u'dataRev': u'AR', u'pins': u'[36]', 0.0 (1): INSERT INTO inData (data, insertUser, pins, transId, updateUser) VALUES ('{"dataRev": "AR", "pins": "[36]", "data": "8"}', 'jpipe', '"[36]"', '287449', 'jpipe')
0.0 (2): SELECT last_insert_id();
0.0 (1): INSERT INTO inData (data, insertUser, pins, transId, updateUser) VALUES ('{"dataRev": "AR", "pins": "[36]", "data": "8"}', 'jpipe', '"[36]"', '287450', 'jpipe')
0.0 (2): SELECT last_insert_id();
0.0 (1): INSERT INTO inData (data, insertUser, pins, transId, updateUser) VALUES ('{"dataRev": "AR", "pins": "[36]", "data": "8"}', 'jpipe', '"[36]"', '287451', 'jpipe')
0.0 (2): SELECT last_insert_id();
0.0 (1): INSERT INTO inData (data, insertUser, pins, transId, updateUser) VALUES ('{"dataRev": "AR", "pins": "[36]", "data": "8"}', 'jpipe', '"[36]"', '287452', 'jpipe')
0.0 (2): SELECT last_insert_id();
0.0 (1): INSERT INTO inData (data, insertUser, pins, transId, updateUser) VALUES ('{"dataRev": "AR", "pins": "[36]", "data": "8"}', 'jpipe', '"[36]"', '287453', 'jpipe')
0.0 (2): SELECT last_insert_id();
0.0 (1): INSERT INTO inData (data, insertUser, pins, transId, updateUser) VALUES ('{"dataRev": "AR", "pins": "[36]", "data": "8"}', 'jpipe', '"[36]"', '287454', 'jpipe')
0.0 (2): SELECT last_insert_id();
0.0 (1): INSERT INTO inData (data, insertUser, pins, transId, updateUser) VALUES ('{"dataRev": "AR", "pins": "[36]", "data": "8"}', 'jpipe', '"[36]"', '287455', 'jpipe')
0.0 (2): SELECT last_insert_id();
0.0 (1): INSERT INTO inData (data, insertUser, pins, transId, updateUser) VALUES ('{"dataRev": "AR", "pins": "[36]", "data": "8"}', 'jpipe', '"[36]"', '287456', 'jpipe')
0.0 (2): SELECT last_insert_id();
0.0 (1): INSERT INTO inData (data, insertUser, pins, transId, updateUser) VALUES ('{"dataRev": "AR", "pins": "[36]", "data": "8"}', 'jpipe', '"[36]"', '287457', 'jpipe')
0.0 (2): SELECT last_insert_id();
0.0 (1): INSERT INTO inData (data, insertUser, pins, transId, updateUser) VALUES ('{"dataRev": "AR", "pins": "[36]", "data": "8"}', 'jpipe', '"[36]"', '287458', 'jpipe')
0.0 (2): SELECT last_insert_id();
0.0 (1): INSERT INTO inData (data, insertUser, pins, transId, updateUser) VALUES ('{"dataRev": "AR", "pins": "[36]", "data": "8"}', 'jpipe', '"[36]"', '287459', 'jpipe')
0.0 (2): SELECT last_insert_id();
0.0 (1): INSERT INTO inData (data, insertUser, pins, transId, updateUser) VALUES ('{"dataRev": "AR", "pins": "[36]", "data": "8"}', 'jpipe', '"[36]"', '287460', 'jpipe')
0.0 (2): SELECT last_insert_id();
0.0 (1): INSERT INTO inData (data, insertUser, pins, transId, updateUser) VALUES ('{"dataRev": "AR", "pins": "[36]", "data": "8"}', 'jpipe', '"[36]"', '287461', 'jpipe')
0.0 (2): SELECT last_insert_id();
0.0 (1): INSERT INTO inData (data, insertUser, pins, transId, updateUser) VALUES ('{"dataRev": "AR", "pins": "[36]", "data": "8"}', 'jpipe', '"[36]"', '287462', 'jpipe')
0.0 (2): SELECT last_insert_id();
0.0 (1): INSERT INTO inData (data, insertUser, pins, transId, updateUser) VALUES ('{"dataRev": "AR", "pins": "[36]", "data": "8"}', 'jpipe', '"[36]"', '287463', 'jpipe')
0.0 (2): SELECT last_insert_id();
0.0 (1): INSERT INTO inData (data, insertUser, pins, transId, updateUser) VALUES ('{"dataRev": "AR", "pins": "[36]", "data": "8"}', 'jpipe', '"[36]"', '287464', 'jpipe')
0.0 (2): SELECT last_insert_id();
0.0 (1): INSERT INTO inData (data, insertUser, pins, transId, updateUser) VALUES ('{"dataRev": "AR", "pins": "[36]", "data": "8"}', 'jpipe', '"[36]"', '287465', 'jpipe')
0.0 (2): SELECT last_insert_id();
0.0 (1): INSERT INTO inData (data, insertUser, pins, transId, updateUser) VALUES ('{"dataRev": "AR", "pins": "[36]", "data": "8"}', 'jpipe', '"[36]"', '287466', 'jpipe')
0.0 (2): SELECT last_insert_id();
0.0 (1): INSERT INTO inData (data, insertUser, pins, transId, updateUser) VALUES ('{"dataRev": "AR", "pins": "[36]", "data": "8"}', 'jpipe', '"[36]"', '287467', 'jpipe')
0.0 (2): SELECT last_insert_id();
0.0 (1): INSERT INTO inData (data, insertUser, pins, transId, updateUser) VALUES ('{"dataRev": "AR", "pins": "[36]", "data": "8"}', 'jpipe', '"[36]"', '287468', 'jpipe')
0.0 (2): SELECT last_insert_id();
0.0 (1): INSERT INTO inData (data, insertUser, pins, transId, updateUser) VALUES ('{"dataRev": "AR", "pins": "[36]", "data": "8"}', 'jpipe', '"[36]"', '287469', 'jpipe')
0.0 (2): SELECT last_insert_id();
0.0 (1): INSERT INTO inData (data, insertUser, pins, transId, updateUser) VALUES ('{"dataRev": "AR", "pins": "[36]", "data": "8"}', 'jpipe', '"[36]"', '287470', 'jpipe')
0.0 (2): SELECT last_insert_id();
0.0 (1): INSERT INTO inData (data, insertUser, pins, transId, updateUser) VALUES ('{"dataRev": "AR", "pins": "[36]", "data": "8"}', 'jpipe', '"[36]"', '287471', 'jpipe')
0.0 (2): SELECT last_insert_id();
0.0 (1): INSERT INTO inData (data, insertUser, pins, transId, updateUser) VALUES ('{"dataRev": "AR", "pins": "[36]", "data": "8"}', 'jpipe', '"[36]"', '287472', 'jpipe')
0.0 (2): SELECT last_insert_id();
u'data': u'8'}
{u'dataRev': u'AR', u'pins': u'[36]', u'data': u'8'}
{u'dataRev': u'AR', u'pins': u'[36]', u'data': u'8'}
{u'dataRev': u'AR', u'pins': u'[36]', u'data': u'8'}
{u'dataRev': u'AR', u'pins': u'[36]', u'data': u'8'}
Pubishing data to =jts/jpipe/v000001/adapter/adapter_config=
config data received
{u'dataRev': u'AR', u'pins': u'[36]', u'data': u'8'}
{u'dataRev': u'AR', u'pins': u'[36]', u'data': u'8'}
{u'dataRev': u'AR', u'pins': u'[36]', u'data': u'8'}
{u'dataRev': u'AR', u'pins': u'[36]', u'data': u'8'}
{u'dataRev': u'AR', u'pins': u'[36]', u'data': u'8'}
Pubishing data to =jts/jpipe/v000001/adapter/adapter_config=
config data received
{u'dataRev': u'AR', u'pins': u'[36]', u'data': u'8'}
{u'dataRev': u'AR', u'pins': u'[36]', u'data': u'8'}
{u'dataRev': u'AR', u'pins': u'[36]', u'data': u'8'}
{u'dataRev': u'AR', u'pins': u'[36]', u'data': u'8'}
{u'dataRev': u'AR', u'pins': u'[36]', u'data': u'8'}
Pubishing data to =jts/jpipe/v000001/adapter/adapter_config=
config data received
{u'dataRev': u'AR', u'pins': u'[36]', u'data': u'8'}
{u'dataRev': u'AR', u'pins': u'[36]', u'data': u'8'}
{u'dataRev': u'AR', u'pins': u'[36]', u'data': u'8'}
{u'dataRev': u'AR', u'pins': u'[36]', u'data': u'8'}
{u'dataRev': u'AR', u'pins': u'[36]', u'data': u'8'}
Pubishing data to =jts/jpipe/v000001/adapter/adapter_config=
config data received
{u'dataRev': u'AR', u'pins': u'[36]', u'data': u'8'}
{u'dataRev': u'AR', u'pins': u'[36]', u'data': u'8'}
Pubishing data to =jts/jpipe/v000001/adapter/adapter_config=
config data received
{u'dataRev': u'AR', u'pins': u'[36]', u'data': u'8'}
Pubishing data to =jts/jpipe/v000001/adapter/adapter_config=
config data received
{u'dataRev': u'AR', u'pins': u'[36]', u'data': u'8'}
Pubishing data to =jts/jpipe/v000001/adapter/adapter_config=
config data received
{u'dataRev': u'AR', u'pins': u'[36]', u'data': u'8'}
Traceback (most recent call last):
  File "jPipeAdptRecv.py", line 277, in <module>
    client.loop_forever()
  File "/usr/local/lib/python2.7/dist-packages/paho/mqtt/client.py", line 1470, in loop_forever
    rc = self.loop(timeout, max_packets)
  File "/usr/local/lib/python2.7/dist-packages/paho/mqtt/client.py", line 995, in loop
    rc = self.loop_read(max_packets)
  File "/usr/local/lib/python2.7/dist-packages/paho/mqtt/client.py", line 1273, in loop_read
    rc = self._packet_read()
  File "/usr/local/lib/python2.7/dist-packages/paho/mqtt/client.py", line 1838, in _packet_read
    rc = self._packet_handle()
  File "/usr/local/lib/python2.7/dist-packages/paho/mqtt/client.py", line 2285, in _packet_handle
    return self._handle_publish()
  File "/usr/local/lib/python2.7/dist-packages/paho/mqtt/client.py", line 2456, in _handle_publish
    self._handle_on_message(message)
  File "/usr/local/lib/python2.7/dist-packages/paho/mqtt/client.py", line 2603, in _handle_on_message
    self.on_message(self, self._userdata, message)
  File "jPipeAdptRecv.py", line 238, in on_message
    processData(var_allData,var_transId)
  File "jPipeAdptRecv.py", line 181, in processData
    txn.rollback()
UnboundLocalError: local variable 'txn' referenced before assignment
